<?xml version="1.0" encoding="UTF-8"?>
<!-- Generated by org.testng.reporters.JUnitXMLReporter -->
<testsuite ignored="0" hostname="POOLW42SLPC7856" failures="0" tests="7" name="Xlogist_Testcases" time="222.287" errors="0" timestamp="2022-12-09T12:24:17 IST">
  <testcase classname="Testcases.Xlogist_Testcases" name="Valid" time="18.383"/>
  <testcase classname="Testcases.Xlogist_Testcases" name="Char1" time="16.653"/>
  <testcase classname="Testcases.Xlogist_Testcases" name="Empty" time="10.772"/>
  <testcase classname="Testcases.Xlogist_Testcases" name="Char26" time="11.094"/>
  <testcase classname="Testcases.Xlogist_Testcases" name="splcharwithnum" time="11.414"/>
  <testcase classname="Testcases.Xlogist_Testcases" name="splcharwithalpha" time="12.275"/>
  <testcase classname="Testcases.Xlogist_Testcases" name="couponwithspace" time="14.459"/>
</testsuite> <!-- Xlogist_Testcases -->
