<?xml version="1.0" encoding="UTF-8"?>
<testng-results ignored="0" total="2" passed="2" failed="0" skipped="0">
  <reporter-output>
  </reporter-output>
  <suite started-at="2022-12-09T17:30:43 IST" name="Default suite" finished-at="2022-12-09T17:30:46 IST" duration-ms="3854">
    <groups>
    </groups>
    <test started-at="2022-12-09T17:30:43 IST" name="Default test" finished-at="2022-12-09T17:30:46 IST" duration-ms="3854">
      <class name="Testcases.Api_Get">
        <test-method is-config="true" signature="setSpecification()[pri:0, instance:Testcases.Api_Get@302c971f]" started-at="2022-12-09T17:30:43 IST" name="setSpecification" finished-at="2022-12-09T17:30:44 IST" duration-ms="1582" status="PASS">
          <reporter-output>
          </reporter-output>
        </test-method> <!-- setSpecification -->
        <test-method signature="getBanner()[pri:1, instance:Testcases.Api_Get@302c971f]" started-at="2022-12-09T17:30:44 IST" name="getBanner" finished-at="2022-12-09T17:30:46 IST" duration-ms="1488" status="PASS">
          <reporter-output>
          </reporter-output>
        </test-method> <!-- getBanner -->
        <test-method signature="profileDetails()[pri:2, instance:Testcases.Api_Get@302c971f]" started-at="2022-12-09T17:30:46 IST" name="profileDetails" finished-at="2022-12-09T17:30:46 IST" duration-ms="717" status="PASS">
          <reporter-output>
          </reporter-output>
        </test-method> <!-- profileDetails -->
      </class> <!-- Testcases.Api_Get -->
    </test> <!-- Default test -->
  </suite> <!-- Default suite -->
</testng-results>
